<?xml version="1.0" encoding="UTF-8"?>
<testsuite name="com.luisgalp.parcial1_paa.Parcial1PaaApplicationTests" tests="1" skipped="0" failures="0" errors="0" timestamp="2024-08-29T04:12:35" hostname="DESKTOP-9655FRP" time="0.802">
  <properties/>
  <testcase name="contextLoads()" classname="com.luisgalp.parcial1_paa.Parcial1PaaApplicationTests" time="0.802"/>
  <system-out><![CDATA[23:12:22.875 [Test worker] INFO org.springframework.test.context.support.AnnotationConfigContextLoaderUtils -- Could not detect default configuration classes for test class [com.luisgalp.parcial1_paa.Parcial1PaaApplicationTests]: Parcial1PaaApplicationTests does not declare any static, non-private, non-final, nested classes annotated with @Configuration.
23:12:23.163 [Test worker] INFO org.springframework.boot.test.context.SpringBootTestContextBootstrapper -- Found @SpringBootConfiguration com.luisgalp.parcial1_paa.Parcial1PaaApplication for test class com.luisgalp.parcial1_paa.Parcial1PaaApplicationTests
  .   ____          _            __ _ _
 /\\ / ___'_ __ _ _(_)_ __  __ _ \ \ \ \
( ( )\___ | '_ | '_| | '_ \/ _` | \ \ \ \
 \\/  ___)| |_)| | | | | || (_| |  ) ) ) )
  '  |____| .__|_| |_|_| |_\__, | / / / /
 =========|_|==============|___/=/_/_/_/

 :: Spring Boot ::                (v3.3.0)

2024-08-28T23:12:23.999-05:00  INFO 3940 --- [parcial1_paa] [    Test worker] c.l.p.Parcial1PaaApplicationTests        : Starting Parcial1PaaApplicationTests using Java 17.0.10 with PID 3940 (started by Usuario in C:\Users\Usuario\Documents\PAA\Parcial1\parcial1_paa)
2024-08-28T23:12:24.002-05:00  INFO 3940 --- [parcial1_paa] [    Test worker] c.l.p.Parcial1PaaApplicationTests        : No active profile set, falling back to 1 default profile: "default"
2024-08-28T23:12:26.023-05:00  INFO 3940 --- [parcial1_paa] [    Test worker] .s.d.r.c.RepositoryConfigurationDelegate : Bootstrapping Spring Data JPA repositories in DEFAULT mode.
2024-08-28T23:12:26.127-05:00  INFO 3940 --- [parcial1_paa] [    Test worker] .s.d.r.c.RepositoryConfigurationDelegate : Finished Spring Data repository scanning in 90 ms. Found 1 JPA repository interface.
2024-08-28T23:12:27.358-05:00  INFO 3940 --- [parcial1_paa] [    Test worker] com.zaxxer.hikari.HikariDataSource       : HikariPool-1 - Starting...
2024-08-28T23:12:27.976-05:00  INFO 3940 --- [parcial1_paa] [    Test worker] com.zaxxer.hikari.pool.HikariPool        : HikariPool-1 - Added connection com.mysql.cj.jdbc.ConnectionImpl@347123dc
2024-08-28T23:12:27.981-05:00  INFO 3940 --- [parcial1_paa] [    Test worker] com.zaxxer.hikari.HikariDataSource       : HikariPool-1 - Start completed.
2024-08-28T23:12:28.052-05:00  INFO 3940 --- [parcial1_paa] [    Test worker] o.hibernate.jpa.internal.util.LogHelper  : HHH000204: Processing PersistenceUnitInfo [name: default]
2024-08-28T23:12:28.220-05:00  INFO 3940 --- [parcial1_paa] [    Test worker] org.hibernate.Version                    : HHH000412: Hibernate ORM core version 6.5.2.Final
2024-08-28T23:12:28.302-05:00  INFO 3940 --- [parcial1_paa] [    Test worker] o.h.c.internal.RegionFactoryInitiator    : HHH000026: Second-level cache disabled
2024-08-28T23:12:29.056-05:00  INFO 3940 --- [parcial1_paa] [    Test worker] o.s.o.j.p.SpringPersistenceUnitInfo      : No LoadTimeWeaver setup: ignoring JPA class transformer
2024-08-28T23:12:31.794-05:00  INFO 3940 --- [parcial1_paa] [    Test worker] o.h.e.t.j.p.i.JtaPlatformInitiator       : HHH000489: No JTA platform available (set 'hibernate.transaction.jta.platform' to enable JTA platform integration)
2024-08-28T23:12:31.802-05:00  INFO 3940 --- [parcial1_paa] [    Test worker] j.LocalContainerEntityManagerFactoryBean : Initialized JPA EntityManagerFactory for persistence unit 'default'
2024-08-28T23:12:33.041-05:00  WARN 3940 --- [parcial1_paa] [    Test worker] JpaBaseConfiguration$JpaWebConfiguration : spring.jpa.open-in-view is enabled by default. Therefore, database queries may be performed during view rendering. Explicitly configure spring.jpa.open-in-view to disable this warning
2024-08-28T23:12:35.102-05:00  INFO 3940 --- [parcial1_paa] [    Test worker] o.s.b.a.e.web.EndpointLinksResolver      : Exposing 1 endpoint beneath base path '/actuator'
2024-08-28T23:12:35.273-05:00  INFO 3940 --- [parcial1_paa] [    Test worker] c.l.p.Parcial1PaaApplicationTests        : Started Parcial1PaaApplicationTests in 11.756 seconds (process running for 14.743)
]]></system-out>
  <system-err><![CDATA[]]></system-err>
</testsuite>
